Error updating inspection: error: syntax error at or near "WHERE"
    at C:\Users\PMYLS\Desktop\BMS\backend\node_modules\pg-pool\index.js:45:11
    at process.processTicksAndRejections (node:internal/process/task_queues:95:5)
    at async C:\Users\PMYLS\Desktop\BMS\backend\server.js:634:20 {
  length: 94,
  severity: 'ERROR',
  code: '42601',
  detail: undefined,
  hint: undefined,
  position: '32',
  internalPosition: undefined,
  internalQuery: undefined,
  where: undefined,
  schema: undefined,
  table: undefined,
  column: undefined,
  dataType: undefined,
  constraint: undefined,
  file: 'scan.l',
  line: '1248',
  routine: 'scanner_yyerror'
}
Error updating inspection: error: syntax error at or near "WHERE"
    at C:\Users\PMYLS\Desktop\BMS\backend\node_modules\pg-pool\index.js:45:11
    at process.processTicksAndRejections (node:internal/process/task_queues:95:5)
    at async C:\Users\PMYLS\Desktop\BMS\backend\server.js:634:20 {
  length: 94,
  severity: 'ERROR',
  code: '42601',
  detail: undefined,
  hint: undefined,
  position: '32',
  internalPosition: undefined,
  internalQuery: undefined,
  where: undefined,
  schema: undefined,
  table: undefined,
  column: undefined,
  dataType: undefined,
  constraint: undefined,
  file: 'scan.l',
  line: '1248',
  routine: 'scanner_yyerror'
}
